<?xml version="1.0" encoding="UTF-8" ?>
<testsuite tests="30" failures="0" name="com.example.thing.CreatureTest" time="1.021" errors="0" skipped="0">
  <properties>
    <property name="java.runtime.name" value="Java(TM) SE Runtime Environment"/>
    <property name="sun.boot.library.path" value="D:\Program Files\Java\jdk1.8.0_231\jre\bin"/>
    <property name="java.vm.version" value="25.231-b11"/>
    <property name="java.vm.vendor" value="Oracle Corporation"/>
    <property name="maven.multiModuleProjectDirectory" value="E:\Study\大三上\java高级\homework\jw08-final-skycloud36\demo"/>
    <property name="java.vendor.url" value="http://java.oracle.com/"/>
    <property name="path.separator" value=";"/>
    <property name="guice.disable.misplaced.annotation.check" value="true"/>
    <property name="java.vm.name" value="Java HotSpot(TM) 64-Bit Server VM"/>
    <property name="file.encoding.pkg" value="sun.io"/>
    <property name="user.script" value=""/>
    <property name="user.country" value="CN"/>
    <property name="sun.java.launcher" value="SUN_STANDARD"/>
    <property name="sun.os.patch.level" value=""/>
    <property name="java.vm.specification.name" value="Java Virtual Machine Specification"/>
    <property name="user.dir" value="E:\Study\大三上\java高级\homework\jw08-final-skycloud36\demo"/>
    <property name="java.runtime.version" value="1.8.0_231-b11"/>
    <property name="java.awt.graphicsenv" value="sun.awt.Win32GraphicsEnvironment"/>
    <property name="java.endorsed.dirs" value="D:\Program Files\Java\jdk1.8.0_231\jre\lib\endorsed"/>
    <property name="os.arch" value="amd64"/>
    <property name="java.io.tmpdir" value="C:\Users\gyh\AppData\Local\Temp\"/>
    <property name="line.separator" value="
"/>
    <property name="java.vm.specification.vendor" value="Oracle Corporation"/>
    <property name="user.variant" value=""/>
    <property name="os.name" value="Windows 10"/>
    <property name="classworlds.conf" value="E:\Program Files\Apache\maven\bin\m2.conf"/>
    <property name="sun.jnu.encoding" value="GBK"/>
    <property name="java.library.path" value="D:\Program Files\Java\jdk1.8.0_231\bin;C:\WINDOWS\Sun\Java\bin;C:\WINDOWS\system32;C:\WINDOWS;C:\Program Files (x86)\Common Files\Oracle\Java\javapath;C:\WINDOWS\system32;C:\WINDOWS;C:\WINDOWS\System32\Wbem;C:\WINDOWS\System32\WindowsPowerShell\v1.0\;C:\WINDOWS\System32\OpenSSH\;C:\Program Files (x86)\NVIDIA Corporation\PhysX\Common;d:\Program Files\NVIDIA Corporation\NVIDIA NvDLISR;D:\Program Files (x86)\Intel\Intel(R) Management Engine Components\DAL;D:\Program Files\Intel\Intel(R) Management Engine Components\DAL;D:\Program Files\dotnet\;D:\Program Files (x86)\MinGW\mingw64\bin;D:\Program Files\Java\jdk1.8.0_231\bin;d:\Program Files\Git\cmd;E:\Andriod\platform-tools;E:\Andriod\tools;D:\ProgramData\Anaconda3\condabin;E:\Andriod\AndriodSdk\platform-tools;D:\ProgramData\Anaconda3\Lib\site-packages\pyqt5_tools;E:\Andriod\AndriodSdk\build-tools\29.0.0;D:\ProgramData\Anaconda3;E:\Program Files\Apache\maven\bin;D:\Program Files\MySQL\MySQL Shell 8.0\bin\;C:\Users\gyh\AppData\Local\Microsoft\WindowsApps;D:\Program Files\Bandizip\;E:\intelFPGA\17.1\modelsim_ase\win32aloem;E:\intelFPGA_lite\17.1\modelsim_ase\win32aloem;C:\Users\gyh\.dotnet\tools;C:\Users\gyh\AppData\Local\GitHubDesktop\bin;D:\Programs\Microsoft VS Code\bin;d:\Program Files\JetBrains\PyCharm Community Edition 2021.2.2\bin;;."/>
    <property name="maven.conf" value="E:\Program Files\Apache\maven/conf"/>
    <property name="java.specification.name" value="Java Platform API Specification"/>
    <property name="java.class.version" value="52.0"/>
    <property name="sun.management.compiler" value="HotSpot 64-Bit Tiered Compilers"/>
    <property name="os.version" value="10.0"/>
    <property name="library.jansi.path" value="E:\Program Files\Apache\maven\lib\jansi-native"/>
    <property name="user.home" value="C:\Users\gyh"/>
    <property name="user.timezone" value="Asia/Shanghai"/>
    <property name="java.awt.printerjob" value="sun.awt.windows.WPrinterJob"/>
    <property name="java.specification.version" value="1.8"/>
    <property name="file.encoding" value="GBK"/>
    <property name="user.name" value="gyh"/>
    <property name="java.class.path" value="E:\Program Files\Apache\maven\boot\plexus-classworlds-2.6.0.jar"/>
    <property name="java.vm.specification.version" value="1.8"/>
    <property name="sun.arch.data.model" value="64"/>
    <property name="java.home" value="D:\Program Files\Java\jdk1.8.0_231\jre"/>
    <property name="sun.java.command" value="org.codehaus.plexus.classworlds.launcher.Launcher install"/>
    <property name="java.specification.vendor" value="Oracle Corporation"/>
    <property name="user.language" value="zh"/>
    <property name="awt.toolkit" value="sun.awt.windows.WToolkit"/>
    <property name="java.vm.info" value="mixed mode"/>
    <property name="java.version" value="1.8.0_231"/>
    <property name="java.ext.dirs" value="D:\Program Files\Java\jdk1.8.0_231\jre\lib\ext;C:\WINDOWS\Sun\Java\lib\ext"/>
    <property name="sun.boot.class.path" value="D:\Program Files\Java\jdk1.8.0_231\jre\lib\resources.jar;D:\Program Files\Java\jdk1.8.0_231\jre\lib\rt.jar;D:\Program Files\Java\jdk1.8.0_231\jre\lib\sunrsasign.jar;D:\Program Files\Java\jdk1.8.0_231\jre\lib\jsse.jar;D:\Program Files\Java\jdk1.8.0_231\jre\lib\jce.jar;D:\Program Files\Java\jdk1.8.0_231\jre\lib\charsets.jar;D:\Program Files\Java\jdk1.8.0_231\jre\lib\jfr.jar;D:\Program Files\Java\jdk1.8.0_231\jre\classes"/>
    <property name="sun.stderr.encoding" value="ms936"/>
    <property name="java.vendor" value="Oracle Corporation"/>
    <property name="maven.home" value="E:\Program Files\Apache\maven"/>
    <property name="file.separator" value="\"/>
    <property name="java.vendor.url.bug" value="http://bugreport.sun.com/bugreport/"/>
    <property name="sun.cpu.endian" value="little"/>
    <property name="sun.io.unicode.encoding" value="UnicodeLittle"/>
    <property name="sun.stdout.encoding" value="ms936"/>
    <property name="sun.desktop" value="windows"/>
    <property name="sun.cpu.isalist" value="amd64"/>
  </properties>
  <testcase classname="com.example.thing.CreatureTest" name="moveByTest" time="0.001"/>
  <testcase classname="com.example.thing.CreatureTest" name="ifExistTest" time="0"/>
  <testcase classname="com.example.thing.CreatureTest" name="unSelectTest" time="0"/>
  <testcase classname="com.example.thing.CreatureTest" name="moveWithHandleTest" time="0"/>
  <testcase classname="com.example.thing.CreatureTest" name="getEnemyTeamTest" time="0"/>
  <testcase classname="com.example.thing.CreatureTest" name="selectTest" time="0"/>
  <testcase classname="com.example.thing.CreatureTest" name="moveToTest" time="0"/>
  <testcase classname="com.example.thing.CreatureTest" name="moveUpTest" time="0"/>
  <testcase classname="com.example.thing.CreatureTest" name="unChoose" time="0"/>
  <testcase classname="com.example.thing.CreatureTest" name="choose" time="0"/>
  <testcase classname="com.example.thing.CreatureTest" name="getMaxHPTest" time="0"/>
  <testcase classname="com.example.thing.CreatureTest" name="setyPosTest" time="0"/>
  <testcase classname="com.example.thing.CreatureTest" name="getATKTest" time="0"/>
  <testcase classname="com.example.thing.CreatureTest" name="getDefenceTest" time="0.001"/>
  <testcase classname="com.example.thing.CreatureTest" name="moveTest" time="0"/>
  <testcase classname="com.example.thing.CreatureTest" name="moveRightTest" time="0.001"/>
  <testcase classname="com.example.thing.CreatureTest" name="setHPTest" time="0"/>
  <testcase classname="com.example.thing.CreatureTest" name="moveReplayTest" time="0"/>
  <testcase classname="com.example.thing.CreatureTest" name="getTeamTest" time="0.001"/>
  <testcase classname="com.example.thing.CreatureTest" name="getHPTest" time="0"/>
  <testcase classname="com.example.thing.CreatureTest" name="beDeadTest" time="0"/>
  <testcase classname="com.example.thing.CreatureTest" name="setCodeTest" time="0"/>
  <testcase classname="com.example.thing.CreatureTest" name="moveDownTest" time="0.001"/>
  <testcase classname="com.example.thing.CreatureTest" name="getCodeTest" time="0"/>
  <testcase classname="com.example.thing.CreatureTest" name="ifSelectedTest" time="0"/>
  <testcase classname="com.example.thing.CreatureTest" name="moveLeftTest" time="0"/>
  <testcase classname="com.example.thing.CreatureTest" name="timeToAttackTest" time="1.016"/>
  <testcase classname="com.example.thing.CreatureTest" name="setxPosTest" time="0"/>
  <testcase classname="com.example.thing.CreatureTest" name="getXTest" time="0"/>
  <testcase classname="com.example.thing.CreatureTest" name="getYTest" time="0"/>
</testsuite>